<?xml version="1.0" encoding="UTF-8"?>
<testng-results skipped="0" failed="1" ignored="0" total="3" passed="2">
  <reporter-output>
  </reporter-output>
  <suite name="Suite" duration-ms="124091" started-at="2017-07-25T10:46:40Z" finished-at="2017-07-25T10:48:45Z">
    <groups>
    </groups>
    <test name="Test" duration-ms="124091" started-at="2017-07-25T10:46:40Z" finished-at="2017-07-25T10:48:45Z">
      <class name="seltest.tests.testscripts.LoginTest">
        <test-method status="PASS" signature="initializeSetUp()[pri:0, instance:seltest.tests.testscripts.LoginTest@401e7803]" name="initializeSetUp" is-config="true" duration-ms="13427" started-at="2017-07-25T16:16:41Z" finished-at="2017-07-25T16:16:55Z">
          <reporter-output>
          </reporter-output>
        </test-method> <!-- initializeSetUp -->
        <test-method status="PASS" signature="setUp()[pri:0, instance:seltest.tests.testscripts.LoginTest@401e7803]" name="setUp" is-config="true" duration-ms="11" started-at="2017-07-25T16:16:55Z" finished-at="2017-07-25T16:16:55Z">
          <reporter-output>
          </reporter-output>
        </test-method> <!-- setUp -->
        <test-method status="PASS" signature="testLogIn(java.lang.String, java.lang.String)[pri:0, instance:seltest.tests.testscripts.LoginTest@401e7803]" name="testLogIn" duration-ms="16799" started-at="2017-07-25T16:16:55Z" data-provider="LogInData" finished-at="2017-07-25T16:17:11Z">
          <params>
            <param index="0">
              <value>
                <![CDATA[sgoyal+dev10@metacube.com]]>
              </value>
            </param>
            <param index="1">
              <value>
                <![CDATA[metacube#123]]>
              </value>
            </param>
          </params>
          <reporter-output>
          </reporter-output>
        </test-method> <!-- testLogIn -->
        <test-method status="PASS" signature="quitSetup()[pri:0, instance:seltest.tests.testscripts.LoginTest@401e7803]" name="quitSetup" is-config="true" duration-ms="1833" started-at="2017-07-25T16:17:12Z" finished-at="2017-07-25T16:17:13Z">
          <reporter-output>
          </reporter-output>
        </test-method> <!-- quitSetup -->
        <test-method status="PASS" signature="initializeSetUp()[pri:0, instance:seltest.tests.testscripts.LoginTest@401e7803]" name="initializeSetUp" is-config="true" duration-ms="9775" started-at="2017-07-25T16:17:13Z" finished-at="2017-07-25T16:17:23Z">
          <reporter-output>
          </reporter-output>
        </test-method> <!-- initializeSetUp -->
        <test-method status="PASS" signature="testLogIn(java.lang.String, java.lang.String)[pri:0, instance:seltest.tests.testscripts.LoginTest@401e7803]" name="testLogIn" duration-ms="10387" started-at="2017-07-25T16:17:23Z" data-provider="LogInData" finished-at="2017-07-25T16:17:33Z">
          <params>
            <param index="0">
              <value>
                <![CDATA[sgoyal+devorg13@financialforce.com]]>
              </value>
            </param>
            <param index="1">
              <value>
                <![CDATA[metacube123]]>
              </value>
            </param>
          </params>
          <reporter-output>
          </reporter-output>
        </test-method> <!-- testLogIn -->
        <test-method status="PASS" signature="setUp()[pri:0, instance:seltest.tests.testscripts.LoginTest@401e7803]" name="setUp" is-config="true" duration-ms="0" started-at="2017-07-25T16:17:23Z" finished-at="2017-07-25T16:17:23Z">
          <reporter-output>
          </reporter-output>
        </test-method> <!-- setUp -->
        <test-method status="PASS" signature="quitSetup()[pri:0, instance:seltest.tests.testscripts.LoginTest@401e7803]" name="quitSetup" is-config="true" duration-ms="922" started-at="2017-07-25T16:17:33Z" finished-at="2017-07-25T16:17:34Z">
          <reporter-output>
          </reporter-output>
        </test-method> <!-- quitSetup -->
        <test-method status="PASS" signature="initializeSetUp()[pri:0, instance:seltest.tests.testscripts.LoginTest@401e7803]" name="initializeSetUp" is-config="true" duration-ms="10133" started-at="2017-07-25T16:17:34Z" finished-at="2017-07-25T16:17:45Z">
          <reporter-output>
          </reporter-output>
        </test-method> <!-- initializeSetUp -->
        <test-method status="PASS" signature="setUp()[pri:0, instance:seltest.tests.testscripts.LoginTest@401e7803]" name="setUp" is-config="true" duration-ms="1" started-at="2017-07-25T16:17:45Z" finished-at="2017-07-25T16:17:45Z">
          <reporter-output>
          </reporter-output>
        </test-method> <!-- setUp -->
        <test-method status="FAIL" signature="testLogIn(java.lang.String, java.lang.String)[pri:0, instance:seltest.tests.testscripts.LoginTest@401e7803]" name="testLogIn" duration-ms="58198" started-at="2017-07-25T16:17:45Z" data-provider="LogInData" finished-at="2017-07-25T16:18:43Z">
          <params>
            <param index="0">
              <value>
                <![CDATA[sgoyal+devorg23@financialforce.com]]>
              </value>
            </param>
            <param index="1">
              <value>
                <![CDATA[metamates123]]>
              </value>
            </param>
          </params>
          <exception class="java.lang.AssertionError">
            <message>
              <![CDATA[expected [true] but found [false]]]>
            </message>
            <full-stacktrace>
              <![CDATA[java.lang.AssertionError: expected [true] but found [false]
	at org.testng.Assert.fail(Assert.java:93)
	at org.testng.Assert.failNotEquals(Assert.java:512)
	at org.testng.Assert.assertTrue(Assert.java:41)
	at org.testng.Assert.assertTrue(Assert.java:51)
	at seltest.tests.testscripts.LoginTest.testLogIn(LoginTest.java:50)
	at sun.reflect.NativeMethodAccessorImpl.invoke0(Native Method)
	at sun.reflect.NativeMethodAccessorImpl.invoke(Unknown Source)
	at sun.reflect.DelegatingMethodAccessorImpl.invoke(Unknown Source)
	at java.lang.reflect.Method.invoke(Unknown Source)
	at org.testng.internal.MethodInvocationHelper.invokeMethod(MethodInvocationHelper.java:108)
	at org.testng.internal.Invoker.invokeMethod(Invoker.java:661)
	at org.testng.internal.Invoker.invokeTestMethod(Invoker.java:869)
	at org.testng.internal.Invoker.invokeTestMethods(Invoker.java:1193)
	at org.testng.internal.TestMethodWorker.invokeTestMethods(TestMethodWorker.java:126)
	at org.testng.internal.TestMethodWorker.run(TestMethodWorker.java:109)
	at org.testng.TestRunner.privateRun(TestRunner.java:744)
	at org.testng.TestRunner.run(TestRunner.java:602)
	at org.testng.SuiteRunner.runTest(SuiteRunner.java:380)
	at org.testng.SuiteRunner.runSequentially(SuiteRunner.java:375)
	at org.testng.SuiteRunner.privateRun(SuiteRunner.java:340)
	at org.testng.SuiteRunner.run(SuiteRunner.java:289)
	at org.testng.SuiteRunnerWorker.runSuite(SuiteRunnerWorker.java:52)
	at org.testng.SuiteRunnerWorker.run(SuiteRunnerWorker.java:86)
	at org.testng.TestNG.runSuitesSequentially(TestNG.java:1301)
	at org.testng.TestNG.runSuitesLocally(TestNG.java:1226)
	at org.testng.TestNG.runSuites(TestNG.java:1144)
	at org.testng.TestNG.run(TestNG.java:1115)
	at org.testng.remote.AbstractRemoteTestNG.run(AbstractRemoteTestNG.java:132)
	at org.testng.remote.RemoteTestNG.initAndRun(RemoteTestNG.java:230)
	at org.testng.remote.RemoteTestNG.main(RemoteTestNG.java:76)
]]>
            </full-stacktrace>
          </exception> <!-- java.lang.AssertionError -->
          <reporter-output>
          </reporter-output>
        </test-method> <!-- testLogIn -->
        <test-method status="PASS" signature="quitSetup()[pri:0, instance:seltest.tests.testscripts.LoginTest@401e7803]" name="quitSetup" is-config="true" duration-ms="1051" started-at="2017-07-25T16:18:43Z" finished-at="2017-07-25T16:18:45Z">
          <reporter-output>
          </reporter-output>
        </test-method> <!-- quitSetup -->
      </class> <!-- seltest.tests.testscripts.LoginTest -->
    </test> <!-- Test -->
  </suite> <!-- Suite -->
</testng-results>
